mode: set
github.com/aziontech/azion-cli/pkg/cmd/create/edge_function/edge_function.go:32.48,46.55 2 1
github.com/aziontech/azion-cli/pkg/cmd/create/edge_function/edge_function.go:46.55,49.35 2 1
github.com/aziontech/azion-cli/pkg/cmd/create/edge_function/edge_function.go:49.35,51.19 2 1
github.com/aziontech/azion-cli/pkg/cmd/create/edge_function/edge_function.go:51.19,53.6 1 0
github.com/aziontech/azion-cli/pkg/cmd/create/edge_function/edge_function.go:54.10,56.19 2 1
github.com/aziontech/azion-cli/pkg/cmd/create/edge_function/edge_function.go:56.19,58.6 1 0
github.com/aziontech/azion-cli/pkg/cmd/create/edge_function/edge_function.go:61.4,65.18 4 1
github.com/aziontech/azion-cli/pkg/cmd/create/edge_function/edge_function.go:65.18,67.5 1 0
github.com/aziontech/azion-cli/pkg/cmd/create/edge_function/edge_function.go:69.4,73.34 2 1
github.com/aziontech/azion-cli/pkg/cmd/create/edge_function/edge_function.go:77.2,80.12 3 1
github.com/aziontech/azion-cli/pkg/cmd/create/edge_function/edge_function.go:83.53,90.2 6 1
github.com/aziontech/azion-cli/pkg/cmd/create/edge_function/edge_function.go:92.99,94.34 1 1
github.com/aziontech/azion-cli/pkg/cmd/create/edge_function/edge_function.go:94.34,97.17 2 0
github.com/aziontech/azion-cli/pkg/cmd/create/edge_function/edge_function.go:97.17,100.4 2 0
github.com/aziontech/azion-cli/pkg/cmd/create/edge_function/edge_function.go:102.3,102.24 1 0
github.com/aziontech/azion-cli/pkg/cmd/create/edge_function/edge_function.go:105.2,105.34 1 1
github.com/aziontech/azion-cli/pkg/cmd/create/edge_function/edge_function.go:105.34,108.17 2 0
github.com/aziontech/azion-cli/pkg/cmd/create/edge_function/edge_function.go:108.17,111.4 2 0
github.com/aziontech/azion-cli/pkg/cmd/create/edge_function/edge_function.go:113.3,113.24 1 0
github.com/aziontech/azion-cli/pkg/cmd/create/edge_function/edge_function.go:116.2,116.36 1 1
github.com/aziontech/azion-cli/pkg/cmd/create/edge_function/edge_function.go:116.36,118.17 2 0
github.com/aziontech/azion-cli/pkg/cmd/create/edge_function/edge_function.go:118.17,121.4 2 0
github.com/aziontech/azion-cli/pkg/cmd/create/edge_function/edge_function.go:123.3,123.26 1 0
github.com/aziontech/azion-cli/pkg/cmd/create/edge_function/edge_function.go:126.2,127.16 2 1
github.com/aziontech/azion-cli/pkg/cmd/create/edge_function/edge_function.go:127.16,129.3 1 0
github.com/aziontech/azion-cli/pkg/cmd/create/edge_function/edge_function.go:130.2,133.16 3 1
github.com/aziontech/azion-cli/pkg/cmd/create/edge_function/edge_function.go:133.16,135.3 1 0
github.com/aziontech/azion-cli/pkg/cmd/create/edge_function/edge_function.go:136.2,138.33 2 1
github.com/aziontech/azion-cli/pkg/cmd/create/edge_function/edge_function.go:138.33,140.17 2 1
github.com/aziontech/azion-cli/pkg/cmd/create/edge_function/edge_function.go:140.17,142.4 1 0
github.com/aziontech/azion-cli/pkg/cmd/create/edge_function/edge_function.go:144.3,145.63 2 1
github.com/aziontech/azion-cli/pkg/cmd/create/edge_function/edge_function.go:145.63,147.4 1 0
github.com/aziontech/azion-cli/pkg/cmd/create/edge_function/edge_function.go:148.3,148.28 1 1
github.com/aziontech/azion-cli/pkg/cmd/create/edge_function/edge_function.go:151.2,153.12 2 1
