mode: set
github.com/aziontech/azion-cli/pkg/cmd/create/edge_applications/edge_application.go:63.48,73.55 2 1
github.com/aziontech/azion-cli/pkg/cmd/create/edge_applications/edge_application.go:73.55,76.35 2 1
github.com/aziontech/azion-cli/pkg/cmd/create/edge_applications/edge_application.go:76.35,78.19 2 1
github.com/aziontech/azion-cli/pkg/cmd/create/edge_applications/edge_application.go:78.19,81.6 2 1
github.com/aziontech/azion-cli/pkg/cmd/create/edge_applications/edge_application.go:82.10,91.19 6 1
github.com/aziontech/azion-cli/pkg/cmd/create/edge_applications/edge_application.go:91.19,93.6 1 0
github.com/aziontech/azion-cli/pkg/cmd/create/edge_applications/edge_application.go:96.4,101.18 3 1
github.com/aziontech/azion-cli/pkg/cmd/create/edge_applications/edge_application.go:101.18,103.5 1 0
github.com/aziontech/azion-cli/pkg/cmd/create/edge_applications/edge_application.go:105.4,110.34 2 1
github.com/aziontech/azion-cli/pkg/cmd/create/edge_applications/edge_application.go:114.2,117.12 3 1
github.com/aziontech/azion-cli/pkg/cmd/create/edge_applications/edge_application.go:120.79,129.32 5 1
github.com/aziontech/azion-cli/pkg/cmd/create/edge_applications/edge_application.go:129.32,131.17 2 0
github.com/aziontech/azion-cli/pkg/cmd/create/edge_applications/edge_application.go:131.17,134.4 2 0
github.com/aziontech/azion-cli/pkg/cmd/create/edge_applications/edge_application.go:136.3,136.24 1 0
github.com/aziontech/azion-cli/pkg/cmd/create/edge_applications/edge_application.go:139.2,139.32 1 1
github.com/aziontech/azion-cli/pkg/cmd/create/edge_applications/edge_application.go:139.32,141.3 1 0
github.com/aziontech/azion-cli/pkg/cmd/create/edge_applications/edge_application.go:143.2,145.45 2 1
github.com/aziontech/azion-cli/pkg/cmd/create/edge_applications/edge_application.go:145.45,147.3 1 1
github.com/aziontech/azion-cli/pkg/cmd/create/edge_applications/edge_application.go:149.2,149.34 1 1
github.com/aziontech/azion-cli/pkg/cmd/create/edge_applications/edge_application.go:149.34,151.17 2 1
github.com/aziontech/azion-cli/pkg/cmd/create/edge_applications/edge_application.go:151.17,154.4 2 0
github.com/aziontech/azion-cli/pkg/cmd/create/edge_applications/edge_application.go:156.3,156.26 1 1
github.com/aziontech/azion-cli/pkg/cmd/create/edge_applications/edge_application.go:159.2,159.39 1 1
github.com/aziontech/azion-cli/pkg/cmd/create/edge_applications/edge_application.go:159.39,161.17 2 1
github.com/aziontech/azion-cli/pkg/cmd/create/edge_applications/edge_application.go:161.17,164.4 2 0
github.com/aziontech/azion-cli/pkg/cmd/create/edge_applications/edge_application.go:166.3,166.36 1 1
github.com/aziontech/azion-cli/pkg/cmd/create/edge_applications/edge_application.go:169.2,169.45 1 1
github.com/aziontech/azion-cli/pkg/cmd/create/edge_applications/edge_application.go:169.45,171.3 1 1
github.com/aziontech/azion-cli/pkg/cmd/create/edge_applications/edge_application.go:173.2,173.38 1 1
github.com/aziontech/azion-cli/pkg/cmd/create/edge_applications/edge_application.go:173.38,175.17 2 1
github.com/aziontech/azion-cli/pkg/cmd/create/edge_applications/edge_application.go:175.17,178.4 2 0
github.com/aziontech/azion-cli/pkg/cmd/create/edge_applications/edge_application.go:180.3,180.34 1 1
github.com/aziontech/azion-cli/pkg/cmd/create/edge_applications/edge_application.go:183.2,183.37 1 1
github.com/aziontech/azion-cli/pkg/cmd/create/edge_applications/edge_application.go:183.37,185.3 1 1
github.com/aziontech/azion-cli/pkg/cmd/create/edge_applications/edge_application.go:187.2,187.38 1 1
github.com/aziontech/azion-cli/pkg/cmd/create/edge_applications/edge_application.go:187.38,189.3 1 1
github.com/aziontech/azion-cli/pkg/cmd/create/edge_applications/edge_application.go:191.2,191.45 1 1
github.com/aziontech/azion-cli/pkg/cmd/create/edge_applications/edge_application.go:191.45,193.3 1 1
github.com/aziontech/azion-cli/pkg/cmd/create/edge_applications/edge_application.go:195.2,195.36 1 1
github.com/aziontech/azion-cli/pkg/cmd/create/edge_applications/edge_application.go:195.36,197.3 1 1
github.com/aziontech/azion-cli/pkg/cmd/create/edge_applications/edge_application.go:199.2,199.49 1 1
github.com/aziontech/azion-cli/pkg/cmd/create/edge_applications/edge_application.go:199.49,201.3 1 1
github.com/aziontech/azion-cli/pkg/cmd/create/edge_applications/edge_application.go:203.2,203.39 1 1
github.com/aziontech/azion-cli/pkg/cmd/create/edge_applications/edge_application.go:203.39,205.3 1 1
github.com/aziontech/azion-cli/pkg/cmd/create/edge_applications/edge_application.go:207.2,207.49 1 1
github.com/aziontech/azion-cli/pkg/cmd/create/edge_applications/edge_application.go:207.49,209.3 1 1
github.com/aziontech/azion-cli/pkg/cmd/create/edge_applications/edge_application.go:211.2,211.45 1 1
github.com/aziontech/azion-cli/pkg/cmd/create/edge_applications/edge_application.go:211.45,213.3 1 1
github.com/aziontech/azion-cli/pkg/cmd/create/edge_applications/edge_application.go:215.2,215.48 1 1
github.com/aziontech/azion-cli/pkg/cmd/create/edge_applications/edge_application.go:215.48,217.3 1 1
github.com/aziontech/azion-cli/pkg/cmd/create/edge_applications/edge_application.go:219.2,219.44 1 1
github.com/aziontech/azion-cli/pkg/cmd/create/edge_applications/edge_application.go:219.44,221.3 1 1
github.com/aziontech/azion-cli/pkg/cmd/create/edge_applications/edge_application.go:223.2,223.12 1 1
github.com/aziontech/azion-cli/pkg/cmd/create/edge_applications/edge_application.go:226.53,245.2 18 1
