mode: set
github.com/aziontech/azion-cli/pkg/cmd/create/create.go:19.48,35.55 1 0
github.com/aziontech/azion-cli/pkg/cmd/create/create.go:35.55,37.4 1 0
github.com/aziontech/azion-cli/pkg/cmd/create/create.go:40.2,51.12 11 0
github.com/aziontech/azion-cli/pkg/cmd/create/domain/domain.go:31.48,46.55 2 1
github.com/aziontech/azion-cli/pkg/cmd/create/domain/domain.go:46.55,48.35 2 1
github.com/aziontech/azion-cli/pkg/cmd/create/domain/domain.go:48.35,50.19 2 1
github.com/aziontech/azion-cli/pkg/cmd/create/domain/domain.go:50.19,53.6 2 1
github.com/aziontech/azion-cli/pkg/cmd/create/domain/domain.go:54.10,55.47 1 1
github.com/aziontech/azion-cli/pkg/cmd/create/domain/domain.go:55.47,57.20 2 1
github.com/aziontech/azion-cli/pkg/cmd/create/domain/domain.go:57.20,59.7 1 1
github.com/aziontech/azion-cli/pkg/cmd/create/domain/domain.go:60.6,61.20 2 0
github.com/aziontech/azion-cli/pkg/cmd/create/domain/domain.go:61.20,65.7 2 0
github.com/aziontech/azion-cli/pkg/cmd/create/domain/domain.go:66.6,66.41 1 0
github.com/aziontech/azion-cli/pkg/cmd/create/domain/domain.go:69.5,69.37 1 1
github.com/aziontech/azion-cli/pkg/cmd/create/domain/domain.go:69.37,71.20 2 0
github.com/aziontech/azion-cli/pkg/cmd/create/domain/domain.go:71.20,73.7 1 0
github.com/aziontech/azion-cli/pkg/cmd/create/domain/domain.go:75.6,75.26 1 0
github.com/aziontech/azion-cli/pkg/cmd/create/domain/domain.go:78.5,79.19 2 1
github.com/aziontech/azion-cli/pkg/cmd/create/domain/domain.go:79.19,81.6 1 0
github.com/aziontech/azion-cli/pkg/cmd/create/domain/domain.go:82.5,84.24 2 1
github.com/aziontech/azion-cli/pkg/cmd/create/domain/domain.go:84.24,85.32 1 0
github.com/aziontech/azion-cli/pkg/cmd/create/domain/domain.go:85.32,87.7 1 0
github.com/aziontech/azion-cli/pkg/cmd/create/domain/domain.go:90.5,94.54 4 1
github.com/aziontech/azion-cli/pkg/cmd/create/domain/domain.go:94.54,96.6 1 0
github.com/aziontech/azion-cli/pkg/cmd/create/domain/domain.go:98.5,99.19 2 1
github.com/aziontech/azion-cli/pkg/cmd/create/domain/domain.go:99.19,101.6 1 0
github.com/aziontech/azion-cli/pkg/cmd/create/domain/domain.go:102.5,102.34 1 1
github.com/aziontech/azion-cli/pkg/cmd/create/domain/domain.go:105.4,107.18 3 1
github.com/aziontech/azion-cli/pkg/cmd/create/domain/domain.go:107.18,109.5 1 0
github.com/aziontech/azion-cli/pkg/cmd/create/domain/domain.go:111.4,116.35 2 1
github.com/aziontech/azion-cli/pkg/cmd/create/domain/domain.go:120.2,129.12 10 1
github.com/aziontech/azion-cli/pkg/cmd/create/cache_setting/cache_setting.go:46.48,59.55 2 1
github.com/aziontech/azion-cli/pkg/cmd/create/cache_setting/cache_setting.go:59.55,65.46 4 1
github.com/aziontech/azion-cli/pkg/cmd/create/cache_setting/cache_setting.go:65.46,68.19 2 0
github.com/aziontech/azion-cli/pkg/cmd/create/cache_setting/cache_setting.go:68.19,71.6 2 0
github.com/aziontech/azion-cli/pkg/cmd/create/cache_setting/cache_setting.go:73.5,74.19 2 0
github.com/aziontech/azion-cli/pkg/cmd/create/cache_setting/cache_setting.go:74.19,77.6 2 0
github.com/aziontech/azion-cli/pkg/cmd/create/cache_setting/cache_setting.go:79.5,79.48 1 0
github.com/aziontech/azion-cli/pkg/cmd/create/cache_setting/cache_setting.go:82.4,82.35 1 1
github.com/aziontech/azion-cli/pkg/cmd/create/cache_setting/cache_setting.go:82.35,84.19 2 1
github.com/aziontech/azion-cli/pkg/cmd/create/cache_setting/cache_setting.go:84.19,87.6 2 1
github.com/aziontech/azion-cli/pkg/cmd/create/cache_setting/cache_setting.go:89.10,90.37 1 1
github.com/aziontech/azion-cli/pkg/cmd/create/cache_setting/cache_setting.go:90.37,92.20 2 0
github.com/aziontech/azion-cli/pkg/cmd/create/cache_setting/cache_setting.go:92.20,95.7 2 0
github.com/aziontech/azion-cli/pkg/cmd/create/cache_setting/cache_setting.go:97.6,97.27 1 0
github.com/aziontech/azion-cli/pkg/cmd/create/cache_setting/cache_setting.go:100.5,101.19 2 1
github.com/aziontech/azion-cli/pkg/cmd/create/cache_setting/cache_setting.go:101.19,103.6 1 1
github.com/aziontech/azion-cli/pkg/cmd/create/cache_setting/cache_setting.go:106.4,106.83 1 1
github.com/aziontech/azion-cli/pkg/cmd/create/cache_setting/cache_setting.go:106.83,108.5 1 1
github.com/aziontech/azion-cli/pkg/cmd/create/cache_setting/cache_setting.go:110.4,111.18 2 1
github.com/aziontech/azion-cli/pkg/cmd/create/cache_setting/cache_setting.go:111.18,113.5 1 0
github.com/aziontech/azion-cli/pkg/cmd/create/cache_setting/cache_setting.go:115.4,120.34 2 1
github.com/aziontech/azion-cli/pkg/cmd/create/cache_setting/cache_setting.go:124.2,126.12 3 1
github.com/aziontech/azion-cli/pkg/cmd/create/cache_setting/cache_setting.go:129.53,150.2 20 1
github.com/aziontech/azion-cli/pkg/cmd/create/cache_setting/cache_setting.go:152.107,156.16 4 1
github.com/aziontech/azion-cli/pkg/cmd/create/cache_setting/cache_setting.go:156.16,158.3 1 0
github.com/aziontech/azion-cli/pkg/cmd/create/cache_setting/cache_setting.go:160.2,163.45 1 1
github.com/aziontech/azion-cli/pkg/cmd/create/cache_setting/cache_setting.go:163.45,165.3 1 1
github.com/aziontech/azion-cli/pkg/cmd/create/cache_setting/cache_setting.go:166.2,166.12 1 1
github.com/aziontech/azion-cli/pkg/cmd/create/cache_setting/cache_setting.go:169.99,171.51 2 1
github.com/aziontech/azion-cli/pkg/cmd/create/cache_setting/cache_setting.go:171.51,172.110 1 1
github.com/aziontech/azion-cli/pkg/cmd/create/cache_setting/cache_setting.go:172.110,174.4 1 1
github.com/aziontech/azion-cli/pkg/cmd/create/cache_setting/cache_setting.go:175.3,175.63 1 1
github.com/aziontech/azion-cli/pkg/cmd/create/cache_setting/cache_setting.go:178.2,178.48 1 1
github.com/aziontech/azion-cli/pkg/cmd/create/cache_setting/cache_setting.go:178.48,180.3 1 1
github.com/aziontech/azion-cli/pkg/cmd/create/cache_setting/cache_setting.go:182.2,182.41 1 1
github.com/aziontech/azion-cli/pkg/cmd/create/cache_setting/cache_setting.go:182.41,184.3 1 1
github.com/aziontech/azion-cli/pkg/cmd/create/cache_setting/cache_setting.go:186.2,186.45 1 1
github.com/aziontech/azion-cli/pkg/cmd/create/cache_setting/cache_setting.go:186.45,188.3 1 1
github.com/aziontech/azion-cli/pkg/cmd/create/cache_setting/cache_setting.go:190.2,190.50 1 1
github.com/aziontech/azion-cli/pkg/cmd/create/cache_setting/cache_setting.go:190.50,192.3 1 1
github.com/aziontech/azion-cli/pkg/cmd/create/cache_setting/cache_setting.go:194.2,194.47 1 1
github.com/aziontech/azion-cli/pkg/cmd/create/cache_setting/cache_setting.go:194.47,196.3 1 1
github.com/aziontech/azion-cli/pkg/cmd/create/cache_setting/cache_setting.go:198.2,198.54 1 1
github.com/aziontech/azion-cli/pkg/cmd/create/cache_setting/cache_setting.go:198.54,200.3 1 0
github.com/aziontech/azion-cli/pkg/cmd/create/cache_setting/cache_setting.go:202.2,202.59 1 1
github.com/aziontech/azion-cli/pkg/cmd/create/cache_setting/cache_setting.go:202.59,204.3 1 1
github.com/aziontech/azion-cli/pkg/cmd/create/cache_setting/cache_setting.go:206.2,206.63 1 1
github.com/aziontech/azion-cli/pkg/cmd/create/cache_setting/cache_setting.go:206.63,208.3 1 1
github.com/aziontech/azion-cli/pkg/cmd/create/cache_setting/cache_setting.go:210.2,210.53 1 1
github.com/aziontech/azion-cli/pkg/cmd/create/cache_setting/cache_setting.go:210.53,212.3 1 1
github.com/aziontech/azion-cli/pkg/cmd/create/cache_setting/cache_setting.go:214.2,214.63 1 1
github.com/aziontech/azion-cli/pkg/cmd/create/cache_setting/cache_setting.go:214.63,216.3 1 1
github.com/aziontech/azion-cli/pkg/cmd/create/cache_setting/cache_setting.go:218.2,218.55 1 1
github.com/aziontech/azion-cli/pkg/cmd/create/cache_setting/cache_setting.go:218.55,220.17 2 1
github.com/aziontech/azion-cli/pkg/cmd/create/cache_setting/cache_setting.go:220.17,222.4 1 1
github.com/aziontech/azion-cli/pkg/cmd/create/cache_setting/cache_setting.go:223.3,223.50 1 1
github.com/aziontech/azion-cli/pkg/cmd/create/cache_setting/cache_setting.go:226.2,226.52 1 1
github.com/aziontech/azion-cli/pkg/cmd/create/cache_setting/cache_setting.go:226.52,228.17 2 1
github.com/aziontech/azion-cli/pkg/cmd/create/cache_setting/cache_setting.go:228.17,230.4 1 1
github.com/aziontech/azion-cli/pkg/cmd/create/cache_setting/cache_setting.go:231.3,231.47 1 1
github.com/aziontech/azion-cli/pkg/cmd/create/cache_setting/cache_setting.go:234.2,234.55 1 1
github.com/aziontech/azion-cli/pkg/cmd/create/cache_setting/cache_setting.go:234.55,236.17 2 1
github.com/aziontech/azion-cli/pkg/cmd/create/cache_setting/cache_setting.go:236.17,238.4 1 1
github.com/aziontech/azion-cli/pkg/cmd/create/cache_setting/cache_setting.go:239.3,239.47 1 1
github.com/aziontech/azion-cli/pkg/cmd/create/cache_setting/cache_setting.go:242.2,242.56 1 1
github.com/aziontech/azion-cli/pkg/cmd/create/cache_setting/cache_setting.go:242.56,244.17 2 1
github.com/aziontech/azion-cli/pkg/cmd/create/cache_setting/cache_setting.go:244.17,246.4 1 1
github.com/aziontech/azion-cli/pkg/cmd/create/cache_setting/cache_setting.go:247.3,248.45 2 1
github.com/aziontech/azion-cli/pkg/cmd/create/cache_setting/cache_setting.go:251.2,251.53 1 1
github.com/aziontech/azion-cli/pkg/cmd/create/cache_setting/cache_setting.go:251.53,253.17 2 1
github.com/aziontech/azion-cli/pkg/cmd/create/cache_setting/cache_setting.go:253.17,255.4 1 1
github.com/aziontech/azion-cli/pkg/cmd/create/cache_setting/cache_setting.go:256.3,256.50 1 1
github.com/aziontech/azion-cli/pkg/cmd/create/cache_setting/cache_setting.go:259.2,259.47 1 1
github.com/aziontech/azion-cli/pkg/cmd/create/cache_setting/cache_setting.go:259.47,261.17 2 1
github.com/aziontech/azion-cli/pkg/cmd/create/cache_setting/cache_setting.go:261.17,263.4 1 0
github.com/aziontech/azion-cli/pkg/cmd/create/cache_setting/cache_setting.go:264.3,264.51 1 1
github.com/aziontech/azion-cli/pkg/cmd/create/cache_setting/cache_setting.go:267.2,267.12 1 1
github.com/aziontech/azion-cli/pkg/cmd/create/edge_applications/edge_application.go:63.48,73.55 2 1
github.com/aziontech/azion-cli/pkg/cmd/create/edge_applications/edge_application.go:73.55,76.35 2 1
github.com/aziontech/azion-cli/pkg/cmd/create/edge_applications/edge_application.go:76.35,78.19 2 1
github.com/aziontech/azion-cli/pkg/cmd/create/edge_applications/edge_application.go:78.19,81.6 2 1
github.com/aziontech/azion-cli/pkg/cmd/create/edge_applications/edge_application.go:82.10,91.19 6 1
github.com/aziontech/azion-cli/pkg/cmd/create/edge_applications/edge_application.go:91.19,93.6 1 0
github.com/aziontech/azion-cli/pkg/cmd/create/edge_applications/edge_application.go:96.4,101.18 3 1
github.com/aziontech/azion-cli/pkg/cmd/create/edge_applications/edge_application.go:101.18,103.5 1 0
github.com/aziontech/azion-cli/pkg/cmd/create/edge_applications/edge_application.go:105.4,110.34 2 1
github.com/aziontech/azion-cli/pkg/cmd/create/edge_applications/edge_application.go:114.2,117.12 3 1
github.com/aziontech/azion-cli/pkg/cmd/create/edge_applications/edge_application.go:120.79,129.32 5 1
github.com/aziontech/azion-cli/pkg/cmd/create/edge_applications/edge_application.go:129.32,131.17 2 0
github.com/aziontech/azion-cli/pkg/cmd/create/edge_applications/edge_application.go:131.17,134.4 2 0
github.com/aziontech/azion-cli/pkg/cmd/create/edge_applications/edge_application.go:136.3,136.24 1 0
github.com/aziontech/azion-cli/pkg/cmd/create/edge_applications/edge_application.go:139.2,139.32 1 1
github.com/aziontech/azion-cli/pkg/cmd/create/edge_applications/edge_application.go:139.32,141.3 1 0
github.com/aziontech/azion-cli/pkg/cmd/create/edge_applications/edge_application.go:143.2,145.45 2 1
github.com/aziontech/azion-cli/pkg/cmd/create/edge_applications/edge_application.go:145.45,147.3 1 1
github.com/aziontech/azion-cli/pkg/cmd/create/edge_applications/edge_application.go:149.2,149.34 1 1
github.com/aziontech/azion-cli/pkg/cmd/create/edge_applications/edge_application.go:149.34,151.17 2 1
github.com/aziontech/azion-cli/pkg/cmd/create/edge_applications/edge_application.go:151.17,154.4 2 0
github.com/aziontech/azion-cli/pkg/cmd/create/edge_applications/edge_application.go:156.3,156.26 1 1
github.com/aziontech/azion-cli/pkg/cmd/create/edge_applications/edge_application.go:159.2,159.39 1 1
github.com/aziontech/azion-cli/pkg/cmd/create/edge_applications/edge_application.go:159.39,161.17 2 1
github.com/aziontech/azion-cli/pkg/cmd/create/edge_applications/edge_application.go:161.17,164.4 2 0
github.com/aziontech/azion-cli/pkg/cmd/create/edge_applications/edge_application.go:166.3,166.36 1 1
github.com/aziontech/azion-cli/pkg/cmd/create/edge_applications/edge_application.go:169.2,169.45 1 1
github.com/aziontech/azion-cli/pkg/cmd/create/edge_applications/edge_application.go:169.45,171.3 1 1
github.com/aziontech/azion-cli/pkg/cmd/create/edge_applications/edge_application.go:173.2,173.38 1 1
github.com/aziontech/azion-cli/pkg/cmd/create/edge_applications/edge_application.go:173.38,175.17 2 1
github.com/aziontech/azion-cli/pkg/cmd/create/edge_applications/edge_application.go:175.17,178.4 2 0
github.com/aziontech/azion-cli/pkg/cmd/create/edge_applications/edge_application.go:180.3,180.34 1 1
github.com/aziontech/azion-cli/pkg/cmd/create/edge_applications/edge_application.go:183.2,183.37 1 1
github.com/aziontech/azion-cli/pkg/cmd/create/edge_applications/edge_application.go:183.37,185.3 1 1
github.com/aziontech/azion-cli/pkg/cmd/create/edge_applications/edge_application.go:187.2,187.38 1 1
github.com/aziontech/azion-cli/pkg/cmd/create/edge_applications/edge_application.go:187.38,189.3 1 1
github.com/aziontech/azion-cli/pkg/cmd/create/edge_applications/edge_application.go:191.2,191.45 1 1
github.com/aziontech/azion-cli/pkg/cmd/create/edge_applications/edge_application.go:191.45,193.3 1 1
github.com/aziontech/azion-cli/pkg/cmd/create/edge_applications/edge_application.go:195.2,195.36 1 1
github.com/aziontech/azion-cli/pkg/cmd/create/edge_applications/edge_application.go:195.36,197.3 1 1
github.com/aziontech/azion-cli/pkg/cmd/create/edge_applications/edge_application.go:199.2,199.49 1 1
github.com/aziontech/azion-cli/pkg/cmd/create/edge_applications/edge_application.go:199.49,201.3 1 1
github.com/aziontech/azion-cli/pkg/cmd/create/edge_applications/edge_application.go:203.2,203.39 1 1
github.com/aziontech/azion-cli/pkg/cmd/create/edge_applications/edge_application.go:203.39,205.3 1 1
github.com/aziontech/azion-cli/pkg/cmd/create/edge_applications/edge_application.go:207.2,207.49 1 1
github.com/aziontech/azion-cli/pkg/cmd/create/edge_applications/edge_application.go:207.49,209.3 1 1
github.com/aziontech/azion-cli/pkg/cmd/create/edge_applications/edge_application.go:211.2,211.45 1 1
github.com/aziontech/azion-cli/pkg/cmd/create/edge_applications/edge_application.go:211.45,213.3 1 1
github.com/aziontech/azion-cli/pkg/cmd/create/edge_applications/edge_application.go:215.2,215.48 1 1
github.com/aziontech/azion-cli/pkg/cmd/create/edge_applications/edge_application.go:215.48,217.3 1 1
github.com/aziontech/azion-cli/pkg/cmd/create/edge_applications/edge_application.go:219.2,219.44 1 1
github.com/aziontech/azion-cli/pkg/cmd/create/edge_applications/edge_application.go:219.44,221.3 1 1
github.com/aziontech/azion-cli/pkg/cmd/create/edge_applications/edge_application.go:223.2,223.12 1 1
github.com/aziontech/azion-cli/pkg/cmd/create/edge_applications/edge_application.go:226.53,245.2 18 1
github.com/aziontech/azion-cli/pkg/cmd/create/edge_function/edge_function.go:32.48,46.55 2 1
github.com/aziontech/azion-cli/pkg/cmd/create/edge_function/edge_function.go:46.55,49.35 2 1
github.com/aziontech/azion-cli/pkg/cmd/create/edge_function/edge_function.go:49.35,51.19 2 1
github.com/aziontech/azion-cli/pkg/cmd/create/edge_function/edge_function.go:51.19,53.6 1 1
github.com/aziontech/azion-cli/pkg/cmd/create/edge_function/edge_function.go:54.10,56.19 2 1
github.com/aziontech/azion-cli/pkg/cmd/create/edge_function/edge_function.go:56.19,58.6 1 1
github.com/aziontech/azion-cli/pkg/cmd/create/edge_function/edge_function.go:61.4,65.18 4 1
github.com/aziontech/azion-cli/pkg/cmd/create/edge_function/edge_function.go:65.18,67.5 1 1
github.com/aziontech/azion-cli/pkg/cmd/create/edge_function/edge_function.go:69.4,73.34 2 1
github.com/aziontech/azion-cli/pkg/cmd/create/edge_function/edge_function.go:77.2,80.12 3 1
github.com/aziontech/azion-cli/pkg/cmd/create/edge_function/edge_function.go:83.53,90.2 6 1
github.com/aziontech/azion-cli/pkg/cmd/create/edge_function/edge_function.go:92.99,94.34 1 1
github.com/aziontech/azion-cli/pkg/cmd/create/edge_function/edge_function.go:94.34,97.17 2 0
github.com/aziontech/azion-cli/pkg/cmd/create/edge_function/edge_function.go:97.17,100.4 2 0
github.com/aziontech/azion-cli/pkg/cmd/create/edge_function/edge_function.go:102.3,102.24 1 0
github.com/aziontech/azion-cli/pkg/cmd/create/edge_function/edge_function.go:105.2,105.34 1 1
github.com/aziontech/azion-cli/pkg/cmd/create/edge_function/edge_function.go:105.34,108.17 2 0
github.com/aziontech/azion-cli/pkg/cmd/create/edge_function/edge_function.go:108.17,111.4 2 0
github.com/aziontech/azion-cli/pkg/cmd/create/edge_function/edge_function.go:113.3,113.24 1 0
github.com/aziontech/azion-cli/pkg/cmd/create/edge_function/edge_function.go:116.2,116.36 1 1
github.com/aziontech/azion-cli/pkg/cmd/create/edge_function/edge_function.go:116.36,118.17 2 0
github.com/aziontech/azion-cli/pkg/cmd/create/edge_function/edge_function.go:118.17,121.4 2 0
github.com/aziontech/azion-cli/pkg/cmd/create/edge_function/edge_function.go:123.3,123.26 1 0
github.com/aziontech/azion-cli/pkg/cmd/create/edge_function/edge_function.go:126.2,127.16 2 1
github.com/aziontech/azion-cli/pkg/cmd/create/edge_function/edge_function.go:127.16,129.3 1 1
github.com/aziontech/azion-cli/pkg/cmd/create/edge_function/edge_function.go:130.2,133.16 3 1
github.com/aziontech/azion-cli/pkg/cmd/create/edge_function/edge_function.go:133.16,135.3 1 0
github.com/aziontech/azion-cli/pkg/cmd/create/edge_function/edge_function.go:136.2,138.33 2 1
github.com/aziontech/azion-cli/pkg/cmd/create/edge_function/edge_function.go:138.33,140.17 2 1
github.com/aziontech/azion-cli/pkg/cmd/create/edge_function/edge_function.go:140.17,142.4 1 0
github.com/aziontech/azion-cli/pkg/cmd/create/edge_function/edge_function.go:144.3,145.63 2 1
github.com/aziontech/azion-cli/pkg/cmd/create/edge_function/edge_function.go:145.63,147.4 1 0
github.com/aziontech/azion-cli/pkg/cmd/create/edge_function/edge_function.go:148.3,148.28 1 1
github.com/aziontech/azion-cli/pkg/cmd/create/edge_function/edge_function.go:151.2,153.12 2 1
github.com/aziontech/azion-cli/pkg/cmd/create/edge_storage/bucket.go:21.51,37.2 4 1
github.com/aziontech/azion-cli/pkg/cmd/create/edge_storage/bucket.go:39.75,42.33 3 1
github.com/aziontech/azion-cli/pkg/cmd/create/edge_storage/bucket.go:42.33,44.17 2 1
github.com/aziontech/azion-cli/pkg/cmd/create/edge_storage/bucket.go:44.17,46.4 1 1
github.com/aziontech/azion-cli/pkg/cmd/create/edge_storage/bucket.go:47.8,49.17 2 1
github.com/aziontech/azion-cli/pkg/cmd/create/edge_storage/bucket.go:49.17,51.4 1 0
github.com/aziontech/azion-cli/pkg/cmd/create/edge_storage/bucket.go:53.2,55.16 3 1
github.com/aziontech/azion-cli/pkg/cmd/create/edge_storage/bucket.go:55.16,57.3 1 1
github.com/aziontech/azion-cli/pkg/cmd/create/edge_storage/bucket.go:58.2,63.32 2 1
github.com/aziontech/azion-cli/pkg/cmd/create/edge_storage/bucket.go:66.106,67.34 1 1
github.com/aziontech/azion-cli/pkg/cmd/create/edge_storage/bucket.go:67.34,69.17 2 0
github.com/aziontech/azion-cli/pkg/cmd/create/edge_storage/bucket.go:69.17,72.4 2 0
github.com/aziontech/azion-cli/pkg/cmd/create/edge_storage/bucket.go:73.3,73.24 1 0
github.com/aziontech/azion-cli/pkg/cmd/create/edge_storage/bucket.go:75.2,75.41 1 1
github.com/aziontech/azion-cli/pkg/cmd/create/edge_storage/bucket.go:75.41,79.17 2 0
github.com/aziontech/azion-cli/pkg/cmd/create/edge_storage/bucket.go:79.17,82.4 2 0
github.com/aziontech/azion-cli/pkg/cmd/create/edge_storage/bucket.go:83.3,83.30 1 0
github.com/aziontech/azion-cli/pkg/cmd/create/edge_storage/bucket.go:85.2,87.12 3 1
github.com/aziontech/azion-cli/pkg/cmd/create/edge_storage/bucket.go:90.60,95.2 4 1
github.com/aziontech/azion-cli/pkg/cmd/create/edge_storage/edge_storage.go:10.48,18.55 1 0
github.com/aziontech/azion-cli/pkg/cmd/create/edge_storage/edge_storage.go:18.55,20.4 1 0
github.com/aziontech/azion-cli/pkg/cmd/create/edge_storage/edge_storage.go:23.2,26.12 4 0
github.com/aziontech/azion-cli/pkg/cmd/create/edge_storage/object.go:24.58,36.2 3 1
github.com/aziontech/azion-cli/pkg/cmd/create/edge_storage/object.go:49.63,59.2 1 1
github.com/aziontech/azion-cli/pkg/cmd/create/edge_storage/object.go:61.75,63.33 2 1
github.com/aziontech/azion-cli/pkg/cmd/create/edge_storage/object.go:63.33,65.17 2 1
github.com/aziontech/azion-cli/pkg/cmd/create/edge_storage/object.go:65.17,67.4 1 1
github.com/aziontech/azion-cli/pkg/cmd/create/edge_storage/object.go:68.8,70.17 2 1
github.com/aziontech/azion-cli/pkg/cmd/create/edge_storage/object.go:70.17,72.4 1 1
github.com/aziontech/azion-cli/pkg/cmd/create/edge_storage/object.go:74.2,75.16 2 1
github.com/aziontech/azion-cli/pkg/cmd/create/edge_storage/object.go:75.16,77.3 1 1
github.com/aziontech/azion-cli/pkg/cmd/create/edge_storage/object.go:78.2,80.16 3 1
github.com/aziontech/azion-cli/pkg/cmd/create/edge_storage/object.go:80.16,82.3 1 1
github.com/aziontech/azion-cli/pkg/cmd/create/edge_storage/object.go:83.2,87.32 2 1
github.com/aziontech/azion-cli/pkg/cmd/create/edge_storage/object.go:90.78,91.41 1 1
github.com/aziontech/azion-cli/pkg/cmd/create/edge_storage/object.go:91.41,93.17 2 1
github.com/aziontech/azion-cli/pkg/cmd/create/edge_storage/object.go:93.17,96.4 2 1
github.com/aziontech/azion-cli/pkg/cmd/create/edge_storage/object.go:97.3,97.28 1 1
github.com/aziontech/azion-cli/pkg/cmd/create/edge_storage/object.go:99.2,99.40 1 1
github.com/aziontech/azion-cli/pkg/cmd/create/edge_storage/object.go:99.40,101.17 2 1
github.com/aziontech/azion-cli/pkg/cmd/create/edge_storage/object.go:101.17,104.4 2 1
github.com/aziontech/azion-cli/pkg/cmd/create/edge_storage/object.go:105.3,105.27 1 1
github.com/aziontech/azion-cli/pkg/cmd/create/edge_storage/object.go:107.2,107.36 1 1
github.com/aziontech/azion-cli/pkg/cmd/create/edge_storage/object.go:107.36,109.17 2 1
github.com/aziontech/azion-cli/pkg/cmd/create/edge_storage/object.go:109.17,112.4 2 1
github.com/aziontech/azion-cli/pkg/cmd/create/edge_storage/object.go:113.3,113.24 1 1
github.com/aziontech/azion-cli/pkg/cmd/create/edge_storage/object.go:115.2,115.12 1 1
github.com/aziontech/azion-cli/pkg/cmd/create/edge_storage/object.go:118.60,124.2 5 1
github.com/aziontech/azion-cli/pkg/cmd/create/edge_storage/object.go:126.68,128.16 2 1
github.com/aziontech/azion-cli/pkg/cmd/create/edge_storage/object.go:128.16,130.3 1 1
github.com/aziontech/azion-cli/pkg/cmd/create/edge_storage/object.go:131.2,133.16 3 1
github.com/aziontech/azion-cli/pkg/cmd/create/edge_storage/object.go:133.16,136.3 2 1
github.com/aziontech/azion-cli/pkg/cmd/create/edge_storage/object.go:137.2,138.16 2 1
github.com/aziontech/azion-cli/pkg/cmd/create/edge_storage/object.go:138.16,141.3 2 1
github.com/aziontech/azion-cli/pkg/cmd/create/edge_storage/object.go:142.2,146.8 1 1
github.com/aziontech/azion-cli/pkg/cmd/create/personal_token/expiration_date.go:15.93,24.31 2 1
github.com/aziontech/azion-cli/pkg/cmd/create/personal_token/expiration_date.go:24.31,26.3 1 0
github.com/aziontech/azion-cli/pkg/cmd/create/personal_token/expiration_date.go:29.2,30.49 2 1
github.com/aziontech/azion-cli/pkg/cmd/create/personal_token/expiration_date.go:30.49,35.3 4 1
github.com/aziontech/azion-cli/pkg/cmd/create/personal_token/expiration_date.go:38.2,39.33 2 1
github.com/aziontech/azion-cli/pkg/cmd/create/personal_token/expiration_date.go:39.33,40.78 1 1
github.com/aziontech/azion-cli/pkg/cmd/create/personal_token/expiration_date.go:40.78,41.41 1 1
github.com/aziontech/azion-cli/pkg/cmd/create/personal_token/expiration_date.go:41.41,43.5 1 1
github.com/aziontech/azion-cli/pkg/cmd/create/personal_token/expiration_date.go:47.2,47.138 1 1
github.com/aziontech/azion-cli/pkg/cmd/create/personal_token/personal_token.go:29.48,50.55 2 1
github.com/aziontech/azion-cli/pkg/cmd/create/personal_token/personal_token.go:50.55,53.35 2 1
github.com/aziontech/azion-cli/pkg/cmd/create/personal_token/personal_token.go:53.35,59.27 2 1
github.com/aziontech/azion-cli/pkg/cmd/create/personal_token/personal_token.go:59.27,61.6 1 0
github.com/aziontech/azion-cli/pkg/cmd/create/personal_token/personal_token.go:61.11,63.20 2 1
github.com/aziontech/azion-cli/pkg/cmd/create/personal_token/personal_token.go:63.20,65.7 1 0
github.com/aziontech/azion-cli/pkg/cmd/create/personal_token/personal_token.go:68.5,69.19 2 1
github.com/aziontech/azion-cli/pkg/cmd/create/personal_token/personal_token.go:69.19,72.6 2 0
github.com/aziontech/azion-cli/pkg/cmd/create/personal_token/personal_token.go:74.10,75.37 1 1
github.com/aziontech/azion-cli/pkg/cmd/create/personal_token/personal_token.go:75.37,77.20 2 0
github.com/aziontech/azion-cli/pkg/cmd/create/personal_token/personal_token.go:77.20,79.7 1 0
github.com/aziontech/azion-cli/pkg/cmd/create/personal_token/personal_token.go:81.6,81.26 1 0
github.com/aziontech/azion-cli/pkg/cmd/create/personal_token/personal_token.go:83.5,83.43 1 1
github.com/aziontech/azion-cli/pkg/cmd/create/personal_token/personal_token.go:83.43,85.20 2 0
github.com/aziontech/azion-cli/pkg/cmd/create/personal_token/personal_token.go:85.20,87.7 1 0
github.com/aziontech/azion-cli/pkg/cmd/create/personal_token/personal_token.go:89.6,89.31 1 0
github.com/aziontech/azion-cli/pkg/cmd/create/personal_token/personal_token.go:93.4,94.18 2 1
github.com/aziontech/azion-cli/pkg/cmd/create/personal_token/personal_token.go:94.18,96.5 1 1
github.com/aziontech/azion-cli/pkg/cmd/create/personal_token/personal_token.go:98.4,103.18 5 1
github.com/aziontech/azion-cli/pkg/cmd/create/personal_token/personal_token.go:103.18,105.5 1 0
github.com/aziontech/azion-cli/pkg/cmd/create/personal_token/personal_token.go:107.4,111.34 2 1
github.com/aziontech/azion-cli/pkg/cmd/create/personal_token/personal_token.go:115.2,122.12 7 1
github.com/aziontech/azion-cli/pkg/cmd/create/origin/origin.go:46.48,56.55 2 1
github.com/aziontech/azion-cli/pkg/cmd/create/origin/origin.go:56.55,58.35 2 1
github.com/aziontech/azion-cli/pkg/cmd/create/origin/origin.go:58.35,60.19 2 1
github.com/aziontech/azion-cli/pkg/cmd/create/origin/origin.go:60.19,63.6 2 1
github.com/aziontech/azion-cli/pkg/cmd/create/origin/origin.go:64.10,66.19 2 1
github.com/aziontech/azion-cli/pkg/cmd/create/origin/origin.go:66.19,68.6 1 1
github.com/aziontech/azion-cli/pkg/cmd/create/origin/origin.go:71.4,73.18 3 1
github.com/aziontech/azion-cli/pkg/cmd/create/origin/origin.go:73.18,75.5 1 1
github.com/aziontech/azion-cli/pkg/cmd/create/origin/origin.go:76.4,80.34 2 1
github.com/aziontech/azion-cli/pkg/cmd/create/origin/origin.go:84.2,87.12 3 1
github.com/aziontech/azion-cli/pkg/cmd/create/origin/origin.go:90.87,92.26 2 1
github.com/aziontech/azion-cli/pkg/cmd/create/origin/origin.go:92.26,95.3 2 1
github.com/aziontech/azion-cli/pkg/cmd/create/origin/origin.go:96.2,96.8 1 1
github.com/aziontech/azion-cli/pkg/cmd/create/origin/origin.go:99.99,100.44 1 1
github.com/aziontech/azion-cli/pkg/cmd/create/origin/origin.go:100.44,103.17 2 1
github.com/aziontech/azion-cli/pkg/cmd/create/origin/origin.go:103.17,106.4 2 1
github.com/aziontech/azion-cli/pkg/cmd/create/origin/origin.go:108.3,109.46 2 0
github.com/aziontech/azion-cli/pkg/cmd/create/origin/origin.go:112.2,112.34 1 1
github.com/aziontech/azion-cli/pkg/cmd/create/origin/origin.go:112.34,114.17 2 0
github.com/aziontech/azion-cli/pkg/cmd/create/origin/origin.go:114.17,117.4 2 0
github.com/aziontech/azion-cli/pkg/cmd/create/origin/origin.go:119.3,119.24 1 0
github.com/aziontech/azion-cli/pkg/cmd/create/origin/origin.go:121.2,123.41 2 1
github.com/aziontech/azion-cli/pkg/cmd/create/origin/origin.go:123.41,125.17 2 0
github.com/aziontech/azion-cli/pkg/cmd/create/origin/origin.go:125.17,127.4 1 0
github.com/aziontech/azion-cli/pkg/cmd/create/origin/origin.go:128.3,128.29 1 0
github.com/aziontech/azion-cli/pkg/cmd/create/origin/origin.go:131.2,133.43 2 1
github.com/aziontech/azion-cli/pkg/cmd/create/origin/origin.go:133.43,134.37 1 1
github.com/aziontech/azion-cli/pkg/cmd/create/origin/origin.go:134.37,136.18 2 0
github.com/aziontech/azion-cli/pkg/cmd/create/origin/origin.go:136.18,139.5 2 0
github.com/aziontech/azion-cli/pkg/cmd/create/origin/origin.go:141.4,141.27 1 0
github.com/aziontech/azion-cli/pkg/cmd/create/origin/origin.go:144.3,144.37 1 1
github.com/aziontech/azion-cli/pkg/cmd/create/origin/origin.go:144.37,146.18 2 0
github.com/aziontech/azion-cli/pkg/cmd/create/origin/origin.go:146.18,149.5 2 0
github.com/aziontech/azion-cli/pkg/cmd/create/origin/origin.go:150.4,150.27 1 0
github.com/aziontech/azion-cli/pkg/cmd/create/origin/origin.go:153.3,154.26 2 1
github.com/aziontech/azion-cli/pkg/cmd/create/origin/origin.go:154.26,156.4 1 1
github.com/aziontech/azion-cli/pkg/cmd/create/origin/origin.go:158.8,159.40 1 1
github.com/aziontech/azion-cli/pkg/cmd/create/origin/origin.go:159.40,161.18 2 0
github.com/aziontech/azion-cli/pkg/cmd/create/origin/origin.go:161.18,164.5 2 0
github.com/aziontech/azion-cli/pkg/cmd/create/origin/origin.go:166.4,166.40 1 0
github.com/aziontech/azion-cli/pkg/cmd/create/origin/origin.go:169.3,169.42 1 1
github.com/aziontech/azion-cli/pkg/cmd/create/origin/origin.go:169.42,171.18 2 0
github.com/aziontech/azion-cli/pkg/cmd/create/origin/origin.go:171.18,174.5 2 0
github.com/aziontech/azion-cli/pkg/cmd/create/origin/origin.go:176.4,176.31 1 0
github.com/aziontech/azion-cli/pkg/cmd/create/origin/origin.go:179.3,182.52 3 1
github.com/aziontech/azion-cli/pkg/cmd/create/origin/origin.go:182.52,184.4 1 1
github.com/aziontech/azion-cli/pkg/cmd/create/origin/origin.go:186.3,186.41 1 1
github.com/aziontech/azion-cli/pkg/cmd/create/origin/origin.go:186.41,188.4 1 1
github.com/aziontech/azion-cli/pkg/cmd/create/origin/origin.go:190.3,190.49 1 1
github.com/aziontech/azion-cli/pkg/cmd/create/origin/origin.go:190.49,192.18 2 1
github.com/aziontech/azion-cli/pkg/cmd/create/origin/origin.go:192.18,194.5 1 1
github.com/aziontech/azion-cli/pkg/cmd/create/origin/origin.go:195.4,195.43 1 1
github.com/aziontech/azion-cli/pkg/cmd/create/origin/origin.go:198.3,198.46 1 1
github.com/aziontech/azion-cli/pkg/cmd/create/origin/origin.go:198.46,200.4 1 1
github.com/aziontech/azion-cli/pkg/cmd/create/origin/origin.go:202.3,202.45 1 1
github.com/aziontech/azion-cli/pkg/cmd/create/origin/origin.go:202.45,204.4 1 1
github.com/aziontech/azion-cli/pkg/cmd/create/origin/origin.go:206.3,206.45 1 1
github.com/aziontech/azion-cli/pkg/cmd/create/origin/origin.go:206.45,208.4 1 1
github.com/aziontech/azion-cli/pkg/cmd/create/origin/origin.go:212.2,212.12 1 1
github.com/aziontech/azion-cli/pkg/cmd/create/origin/origin.go:215.53,231.2 15 1
github.com/aziontech/azion-cli/pkg/cmd/create/rules_engine/rules_engine.go:28.48,40.55 2 1
github.com/aziontech/azion-cli/pkg/cmd/create/rules_engine/rules_engine.go:40.55,41.46 1 1
github.com/aziontech/azion-cli/pkg/cmd/create/rules_engine/rules_engine.go:41.46,43.19 2 0
github.com/aziontech/azion-cli/pkg/cmd/create/rules_engine/rules_engine.go:43.19,45.6 1 0
github.com/aziontech/azion-cli/pkg/cmd/create/rules_engine/rules_engine.go:47.5,48.19 2 0
github.com/aziontech/azion-cli/pkg/cmd/create/rules_engine/rules_engine.go:48.19,51.6 2 0
github.com/aziontech/azion-cli/pkg/cmd/create/rules_engine/rules_engine.go:53.5,53.31 1 0
github.com/aziontech/azion-cli/pkg/cmd/create/rules_engine/rules_engine.go:56.4,56.37 1 1
github.com/aziontech/azion-cli/pkg/cmd/create/rules_engine/rules_engine.go:56.37,58.19 2 0
github.com/aziontech/azion-cli/pkg/cmd/create/rules_engine/rules_engine.go:58.19,60.6 1 0
github.com/aziontech/azion-cli/pkg/cmd/create/rules_engine/rules_engine.go:62.5,62.26 1 0
github.com/aziontech/azion-cli/pkg/cmd/create/rules_engine/rules_engine.go:65.4,65.36 1 1
github.com/aziontech/azion-cli/pkg/cmd/create/rules_engine/rules_engine.go:65.36,67.19 2 0
github.com/aziontech/azion-cli/pkg/cmd/create/rules_engine/rules_engine.go:67.19,69.6 1 0
github.com/aziontech/azion-cli/pkg/cmd/create/rules_engine/rules_engine.go:71.5,71.25 1 0
github.com/aziontech/azion-cli/pkg/cmd/create/rules_engine/rules_engine.go:74.4,77.18 3 1
github.com/aziontech/azion-cli/pkg/cmd/create/rules_engine/rules_engine.go:77.18,80.5 2 1
github.com/aziontech/azion-cli/pkg/cmd/create/rules_engine/rules_engine.go:82.4,84.50 2 1
github.com/aziontech/azion-cli/pkg/cmd/create/rules_engine/rules_engine.go:84.50,86.5 1 1
github.com/aziontech/azion-cli/pkg/cmd/create/rules_engine/rules_engine.go:88.4,90.18 3 1
github.com/aziontech/azion-cli/pkg/cmd/create/rules_engine/rules_engine.go:90.18,92.5 1 1
github.com/aziontech/azion-cli/pkg/cmd/create/rules_engine/rules_engine.go:94.4,98.34 2 1
github.com/aziontech/azion-cli/pkg/cmd/create/rules_engine/rules_engine.go:102.2,107.12 6 1
github.com/aziontech/azion-cli/pkg/cmd/create/rules_engine/rules_engine.go:110.66,111.29 1 1
github.com/aziontech/azion-cli/pkg/cmd/create/rules_engine/rules_engine.go:111.29,113.3 1 1
github.com/aziontech/azion-cli/pkg/cmd/create/rules_engine/rules_engine.go:115.2,115.34 1 1
github.com/aziontech/azion-cli/pkg/cmd/create/rules_engine/rules_engine.go:115.34,117.3 1 1
github.com/aziontech/azion-cli/pkg/cmd/create/rules_engine/rules_engine.go:119.2,119.53 1 1
github.com/aziontech/azion-cli/pkg/cmd/create/rules_engine/rules_engine.go:119.53,120.37 1 1
github.com/aziontech/azion-cli/pkg/cmd/create/rules_engine/rules_engine.go:120.37,121.30 1 1
github.com/aziontech/azion-cli/pkg/cmd/create/rules_engine/rules_engine.go:121.30,123.5 1 1
github.com/aziontech/azion-cli/pkg/cmd/create/rules_engine/rules_engine.go:125.4,125.27 1 1
github.com/aziontech/azion-cli/pkg/cmd/create/rules_engine/rules_engine.go:125.27,127.5 1 1
github.com/aziontech/azion-cli/pkg/cmd/create/rules_engine/rules_engine.go:129.4,129.27 1 1
github.com/aziontech/azion-cli/pkg/cmd/create/rules_engine/rules_engine.go:129.27,131.5 1 1
github.com/aziontech/azion-cli/pkg/cmd/create/rules_engine/rules_engine.go:133.4,133.30 1 1
github.com/aziontech/azion-cli/pkg/cmd/create/rules_engine/rules_engine.go:133.30,135.5 1 1
github.com/aziontech/azion-cli/pkg/cmd/create/rules_engine/rules_engine.go:139.2,139.35 1 1
github.com/aziontech/azion-cli/pkg/cmd/create/rules_engine/rules_engine.go:139.35,141.3 1 1
github.com/aziontech/azion-cli/pkg/cmd/create/rules_engine/rules_engine.go:143.2,143.46 1 1
github.com/aziontech/azion-cli/pkg/cmd/create/rules_engine/rules_engine.go:143.46,144.44 1 1
github.com/aziontech/azion-cli/pkg/cmd/create/rules_engine/rules_engine.go:144.44,145.49 1 1
github.com/aziontech/azion-cli/pkg/cmd/create/rules_engine/rules_engine.go:145.49,148.5 1 1
github.com/aziontech/azion-cli/pkg/cmd/create/rules_engine/rules_engine.go:150.3,150.218 1 1
github.com/aziontech/azion-cli/pkg/cmd/create/rules_engine/rules_engine.go:150.218,151.49 1 1
github.com/aziontech/azion-cli/pkg/cmd/create/rules_engine/rules_engine.go:151.49,153.5 1 1
github.com/aziontech/azion-cli/pkg/cmd/create/rules_engine/rules_engine.go:157.2,157.12 1 1
github.com/aziontech/azion-cli/pkg/cmd/create/rules_engine/rules_engine.go:160.90,167.49 5 1
github.com/aziontech/azion-cli/pkg/cmd/create/rules_engine/rules_engine.go:167.49,169.46 2 1
github.com/aziontech/azion-cli/pkg/cmd/create/rules_engine/rules_engine.go:169.46,178.4 6 1
github.com/aziontech/azion-cli/pkg/cmd/create/rules_engine/rules_engine.go:179.3,179.63 1 1
github.com/aziontech/azion-cli/pkg/cmd/create/rules_engine/rules_engine.go:182.2,184.38 3 1
github.com/aziontech/azion-cli/pkg/cmd/create/rules_engine/rules_engine.go:184.38,185.41 1 1
github.com/aziontech/azion-cli/pkg/cmd/create/rules_engine/rules_engine.go:185.41,186.167 1 0
github.com/aziontech/azion-cli/pkg/cmd/create/rules_engine/rules_engine.go:186.167,193.5 4 0
github.com/aziontech/azion-cli/pkg/cmd/create/rules_engine/rules_engine.go:193.10,199.5 3 0
github.com/aziontech/azion-cli/pkg/cmd/create/rules_engine/rules_engine.go:200.9,201.42 1 1
github.com/aziontech/azion-cli/pkg/cmd/create/rules_engine/rules_engine.go:201.42,208.5 4 1
github.com/aziontech/azion-cli/pkg/cmd/create/rules_engine/rules_engine.go:213.2,215.12 2 1
github.com/aziontech/azion-cli/pkg/cmd/create/variables/variables.go:28.48,41.55 2 1
github.com/aziontech/azion-cli/pkg/cmd/create/variables/variables.go:41.55,45.35 2 1
github.com/aziontech/azion-cli/pkg/cmd/create/variables/variables.go:45.35,47.19 2 1
github.com/aziontech/azion-cli/pkg/cmd/create/variables/variables.go:47.19,49.6 1 0
github.com/aziontech/azion-cli/pkg/cmd/create/variables/variables.go:50.10,52.19 2 1
github.com/aziontech/azion-cli/pkg/cmd/create/variables/variables.go:52.19,54.6 1 1
github.com/aziontech/azion-cli/pkg/cmd/create/variables/variables.go:57.4,59.18 3 1
github.com/aziontech/azion-cli/pkg/cmd/create/variables/variables.go:59.18,61.5 1 0
github.com/aziontech/azion-cli/pkg/cmd/create/variables/variables.go:62.4,66.34 2 1
github.com/aziontech/azion-cli/pkg/cmd/create/variables/variables.go:70.2,76.12 7 1
github.com/aziontech/azion-cli/pkg/cmd/create/variables/variables.go:79.93,80.33 1 1
github.com/aziontech/azion-cli/pkg/cmd/create/variables/variables.go:80.33,83.17 2 1
github.com/aziontech/azion-cli/pkg/cmd/create/variables/variables.go:83.17,86.4 2 1
github.com/aziontech/azion-cli/pkg/cmd/create/variables/variables.go:88.3,88.23 1 0
github.com/aziontech/azion-cli/pkg/cmd/create/variables/variables.go:91.2,91.35 1 1
github.com/aziontech/azion-cli/pkg/cmd/create/variables/variables.go:91.35,94.17 2 0
github.com/aziontech/azion-cli/pkg/cmd/create/variables/variables.go:94.17,97.4 2 0
github.com/aziontech/azion-cli/pkg/cmd/create/variables/variables.go:99.3,99.25 1 0
github.com/aziontech/azion-cli/pkg/cmd/create/variables/variables.go:102.2,102.35 1 1
github.com/aziontech/azion-cli/pkg/cmd/create/variables/variables.go:102.35,104.17 2 1
github.com/aziontech/azion-cli/pkg/cmd/create/variables/variables.go:104.17,106.4 1 0
github.com/aziontech/azion-cli/pkg/cmd/create/variables/variables.go:107.3,107.28 1 1
github.com/aziontech/azion-cli/pkg/cmd/create/variables/variables.go:110.2,113.12 3 1
